[2023-03-09T16:55:13.101] [DEBUG] default - Some debug messages
[2023-03-09T16:55:13.104] [INFO] default - Some info messages
[2023-03-09T16:55:13.104] [WARN] default - Some warning messages
[2023-03-09T16:55:13.106] [ERROR] default - Some error messages
[2023-03-09T16:55:13.106] [FATAL] default - Some fatal messages
[2023-03-09T16:57:15.564] [DEBUG] default - Some debug messages
[2023-03-09T16:57:15.567] [INFO] default - Some info messages
[2023-03-09T16:57:15.567] [WARN] default - Some warning messages
[2023-03-09T16:57:15.568] [ERROR] default - Some error messages
[2023-03-09T16:57:15.569] [FATAL] default - Some fatal messages
[2023-03-09T16:57:25.674] [INFO] default - Data succesfully retrieved
[2023-03-09T17:02:26.172] [DEBUG] default - Some debug messages
[2023-03-09T17:02:26.176] [INFO] default - Some info messages
[2023-03-09T17:02:26.176] [WARN] default - Some warning messages
[2023-03-09T17:02:26.177] [ERROR] default - Some error messages
[2023-03-09T17:02:26.178] [FATAL] default - Some fatal messages
[2023-03-09T17:02:50.917] [INFO] default - You just created a new person! - YAY!
[2023-03-09T17:02:53.765] [DEBUG] default - Some debug messages
[2023-03-09T17:02:53.768] [INFO] default - Some info messages
[2023-03-09T17:02:53.769] [WARN] default - Some warning messages
[2023-03-09T17:02:53.770] [ERROR] default - Some error messages
[2023-03-09T17:02:53.770] [FATAL] default - Some fatal messages
[2023-03-09T17:03:11.927] [INFO] default - Person succesfully retrieved
[2023-03-09T17:03:18.782] [INFO] default - Data succesfully retrieved
[2023-03-09T17:03:39.008] [INFO] default - Data succesfully retrieved
[2023-03-09T17:04:26.875] [DEBUG] default - Some debug messages
[2023-03-09T17:04:26.880] [INFO] default - Some info messages
[2023-03-09T17:04:26.881] [WARN] default - Some warning messages
[2023-03-09T17:04:26.881] [ERROR] default - Some error messages
[2023-03-09T17:04:26.882] [FATAL] default - Some fatal messages
[2023-03-09T17:05:40.547] [DEBUG] default - Some debug messages
[2023-03-09T17:05:40.549] [INFO] default - Some info messages
[2023-03-09T17:05:40.550] [WARN] default - Some warning messages
[2023-03-09T17:05:40.550] [ERROR] default - Some error messages
[2023-03-09T17:05:40.551] [FATAL] default - Some fatal messages
[2023-03-09T17:06:01.978] [DEBUG] default - Some debug messages
[2023-03-09T17:06:01.981] [INFO] default - Some info messages
[2023-03-09T17:06:01.981] [WARN] default - Some warning messages
[2023-03-09T17:06:01.981] [ERROR] default - Some error messages
[2023-03-09T17:06:01.982] [FATAL] default - Some fatal messages
